<?xml version="1.0" encoding="UTF-8"?>
<testng-results ignored="0" total="4" passed="3" failed="1" skipped="0">
  <reporter-output>
  </reporter-output>
  <suite started-at="2024-02-01T17:09:37 IST" name="Default suite" finished-at="2024-02-01T17:09:37 IST" duration-ms="42">
    <groups>
    </groups>
    <test started-at="2024-02-01T17:09:37 IST" name="Default test" finished-at="2024-02-01T17:09:37 IST" duration-ms="42">
      <class name="Ethos.com.Test.StringCal_Test">
        <test-method signature="TestAddition(java.lang.String,int)[pri:0, instance:Ethos.com.Test.StringCal_Test@29647f75]" started-at="2024-02-01T17:09:37 IST" name="TestAddition" data-provider="AdditionData" finished-at="2024-02-01T17:09:37 IST" duration-ms="5" status="PASS">
          <params>
            <param index="0">
              <value>
                <![CDATA[]]>
              </value>
            </param>
            <param index="1">
              <value>
                <![CDATA[0]]>
              </value>
            </param>
          </params>
          <reporter-output>
          </reporter-output>
        </test-method> <!-- TestAddition -->
        <test-method signature="TestAddition(java.lang.String,int)[pri:0, instance:Ethos.com.Test.StringCal_Test@29647f75]" started-at="2024-02-01T17:09:37 IST" name="TestAddition" data-provider="AdditionData" finished-at="2024-02-01T17:09:37 IST" duration-ms="1" status="PASS">
          <params>
            <param index="0">
              <value>
                <![CDATA[1,2]]>
              </value>
            </param>
            <param index="1">
              <value>
                <![CDATA[3]]>
              </value>
            </param>
          </params>
          <reporter-output>
          </reporter-output>
        </test-method> <!-- TestAddition -->
        <test-method signature="TestAddition(java.lang.String,int)[pri:0, instance:Ethos.com.Test.StringCal_Test@29647f75]" started-at="2024-02-01T17:09:37 IST" name="TestAddition" data-provider="AdditionData" finished-at="2024-02-01T17:09:37 IST" duration-ms="0" status="PASS">
          <params>
            <param index="0">
              <value>
                <![CDATA[1
4,2]]>
              </value>
            </param>
            <param index="1">
              <value>
                <![CDATA[7]]>
              </value>
            </param>
          </params>
          <reporter-output>
          </reporter-output>
        </test-method> <!-- TestAddition -->
        <test-method signature="TestAddition(java.lang.String,int)[pri:0, instance:Ethos.com.Test.StringCal_Test@29647f75]" started-at="2024-02-01T17:09:37 IST" name="TestAddition" data-provider="AdditionData" finished-at="2024-02-01T17:09:37 IST" duration-ms="0" status="FAIL">
          <params>
            <param index="0">
              <value>
                <![CDATA[-5]]>
              </value>
            </param>
            <param index="1">
              <value>
                <![CDATA[5]]>
              </value>
            </param>
          </params>
          <exception class="Ethos.com.Class.Negtive_Number_Exception">
            <message>
              <![CDATA[Negative Numbers Are Not Allowed]]>
            </message>
            <full-stacktrace>
              <![CDATA[Ethos.com.Class.Negtive_Number_Exception: Negative Numbers Are Not Allowed
at Ethos.com.Class.StringCal_logic_page.add(StringCal_logic_page.java:32)
at Ethos.com.Test.StringCal_Test.TestAddition(StringCal_Test.java:31)
at java.base/jdk.internal.reflect.NativeMethodAccessorImpl.invoke0(Native Method)
at java.base/jdk.internal.reflect.NativeMethodAccessorImpl.invoke(NativeMethodAccessorImpl.java:77)
at java.base/jdk.internal.reflect.DelegatingMethodAccessorImpl.invoke(DelegatingMethodAccessorImpl.java:43)
at java.base/java.lang.reflect.Method.invoke(Method.java:568)
at org.testng.internal.MethodInvocationHelper.invokeMethod(MethodInvocationHelper.java:133)
at org.testng.internal.TestInvoker.invokeMethod(TestInvoker.java:598)
at org.testng.internal.TestInvoker.invokeTestMethod(TestInvoker.java:173)
at org.testng.internal.MethodRunner.runInSequence(MethodRunner.java:46)
at org.testng.internal.TestInvoker$MethodInvocationAgent.invoke(TestInvoker.java:824)
at org.testng.internal.TestInvoker.invokeTestMethods(TestInvoker.java:146)
at org.testng.internal.TestMethodWorker.invokeTestMethods(TestMethodWorker.java:146)
at org.testng.internal.TestMethodWorker.run(TestMethodWorker.java:128)
at java.base/java.util.ArrayList.forEach(ArrayList.java:1511)
at org.testng.TestRunner.privateRun(TestRunner.java:794)
at org.testng.TestRunner.run(TestRunner.java:596)
at org.testng.SuiteRunner.runTest(SuiteRunner.java:377)
at org.testng.SuiteRunner.runSequentially(SuiteRunner.java:371)
at org.testng.SuiteRunner.privateRun(SuiteRunner.java:332)
at org.testng.SuiteRunner.run(SuiteRunner.java:276)
at org.testng.SuiteRunnerWorker.runSuite(SuiteRunnerWorker.java:53)
at org.testng.SuiteRunnerWorker.run(SuiteRunnerWorker.java:96)
at org.testng.TestNG.runSuitesSequentially(TestNG.java:1212)
at org.testng.TestNG.runSuitesLocally(TestNG.java:1134)
at org.testng.TestNG.runSuites(TestNG.java:1063)
at org.testng.TestNG.run(TestNG.java:1031)
at org.testng.remote.AbstractRemoteTestNG.run(AbstractRemoteTestNG.java:115)
at org.testng.remote.RemoteTestNG.initAndRun(RemoteTestNG.java:251)
at org.testng.remote.RemoteTestNG.main(RemoteTestNG.java:77)
]]>
            </full-stacktrace>
          </exception> <!-- Ethos.com.Class.Negtive_Number_Exception -->
          <reporter-output>
          </reporter-output>
        </test-method> <!-- TestAddition -->
      </class> <!-- Ethos.com.Test.StringCal_Test -->
    </test> <!-- Default test -->
  </suite> <!-- Default suite -->
</testng-results>
