<?xml version="1.0" encoding="UTF-8"?>
<testng-results ignored="0" total="2" passed="2" failed="0" skipped="0">
  <reporter-output>
  </reporter-output>
  <suite started-at="2024-02-01T16:57:30 IST" name="Default suite" finished-at="2024-02-01T16:57:30 IST" duration-ms="38">
    <groups>
    </groups>
    <test started-at="2024-02-01T16:57:30 IST" name="Default test" finished-at="2024-02-01T16:57:30 IST" duration-ms="38">
      <class name="Ethos.com.Test.StringCal_Test">
        <test-method signature="TestAddition(java.lang.String,int)[pri:0, instance:Ethos.com.Test.StringCal_Test@29647f75]" started-at="2024-02-01T16:57:30 IST" name="TestAddition" data-provider="AdditionData" finished-at="2024-02-01T16:57:30 IST" duration-ms="6" status="PASS">
          <params>
            <param index="0">
              <value>
                <![CDATA[]]>
              </value>
            </param>
            <param index="1">
              <value>
                <![CDATA[0]]>
              </value>
            </param>
          </params>
          <reporter-output>
          </reporter-output>
        </test-method> <!-- TestAddition -->
        <test-method signature="TestAddition(java.lang.String,int)[pri:0, instance:Ethos.com.Test.StringCal_Test@29647f75]" started-at="2024-02-01T16:57:30 IST" name="TestAddition" data-provider="AdditionData" finished-at="2024-02-01T16:57:30 IST" duration-ms="1" status="PASS">
          <params>
            <param index="0">
              <value>
                <![CDATA[1,2]]>
              </value>
            </param>
            <param index="1">
              <value>
                <![CDATA[3]]>
              </value>
            </param>
          </params>
          <reporter-output>
          </reporter-output>
        </test-method> <!-- TestAddition -->
      </class> <!-- Ethos.com.Test.StringCal_Test -->
    </test> <!-- Default test -->
  </suite> <!-- Default suite -->
</testng-results>
